<?xml version="1.0" encoding="UTF-8"?>
<!-- Generated by org.testng.reporters.JUnitReportReporter -->
<testsuite hostname="kdell" name="ch.adrianelsener.testing.RulesForTestNgTest$Foo" tests="1" failures="0" timestamp="15 Apr 2014 04:46:50 GMT" time="0.001" errors="0">
  <testcase name="executedByTest" time="0.001" classname="ch.adrianelsener.testing.RulesForTestNgTest$Foo"/>
</testsuite> <!-- ch.adrianelsener.testing.RulesForTestNgTest$Foo -->
