<?xml version="1.0" encoding="UTF-8"?>
<!-- Generated by org.testng.reporters.JUnitReportReporter -->
<testsuite hostname="kdell" name="ch.adrianelsener.testing.RulesForTestNgTest$TestWithJUnitRule" tests="1" failures="0" timestamp="16 Apr 2014 04:37:33 GMT" time="0.004" errors="0">
  <testcase name="executedByTest" time="0.004" classname="ch.adrianelsener.testing.RulesForTestNgTest$TestWithJUnitRule"/>
</testsuite> <!-- ch.adrianelsener.testing.RulesForTestNgTest$TestWithJUnitRule -->
